[0m10:51:20.514847 [debug] [MainThread]: Sending event: {'category': 'dbt', 'action': 'invocation', 'label': 'start', 'context': [<snowplow_tracker.self_describing_json.SelfDescribingJson object at 0x00000265218DF950>, <snowplow_tracker.self_describing_json.SelfDescribingJson object at 0x000002652172EB70>, <snowplow_tracker.self_describing_json.SelfDescribingJson object at 0x0000026521A67740>]}


============================== 10:51:20.530957 | 2a1dc4b4-d4e8-4a9f-9173-e3474179c522 ==============================
[0m10:51:20.530957 [info ] [MainThread]: Running with dbt=1.8.7
[0m10:51:20.530957 [debug] [MainThread]: running dbt with arguments {'printer_width': '80', 'indirect_selection': 'eager', 'write_json': 'True', 'log_cache_events': 'False', 'partial_parse': 'True', 'cache_selected_only': 'False', 'profiles_dir': 'dbt-dagster-project/sales-team/dbt_project', 'fail_fast': 'False', 'warn_error': 'None', 'log_path': 'dbt-dagster-project\\sales-team\\dbt_project\\logs', 'version_check': 'True', 'debug': 'False', 'use_colors': 'True', 'use_experimental_parser': 'False', 'empty': 'None', 'quiet': 'False', 'no_print': 'None', 'warn_error_options': 'WarnErrorOptions(include=[], exclude=[])', 'introspect': 'True', 'static_parser': 'True', 'invocation_command': 'dbt parse --project-dir dbt-dagster-project/sales-team/dbt_project --profiles-dir dbt-dagster-project/sales-team/dbt_project', 'target_path': 'None', 'log_format': 'default', 'send_anonymous_usage_stats': 'True'}
[0m10:51:21.480391 [debug] [MainThread]: Sending event: {'category': 'dbt', 'action': 'project_id', 'label': '2a1dc4b4-d4e8-4a9f-9173-e3474179c522', 'context': [<snowplow_tracker.self_describing_json.SelfDescribingJson object at 0x0000026521AB4A70>]}
[0m10:51:21.564554 [debug] [MainThread]: Sending event: {'category': 'dbt', 'action': 'adapter_info', 'label': '2a1dc4b4-d4e8-4a9f-9173-e3474179c522', 'context': [<snowplow_tracker.self_describing_json.SelfDescribingJson object at 0x0000026523EE4FE0>]}
[0m10:51:21.564554 [info ] [MainThread]: Registered adapter: athena=1.10.0
[0m10:51:21.851075 [debug] [MainThread]: checksum: 4af21dafb485259c48497ac86b711ddb1982f3d0f1c0ca4e09356de488b753c0, vars: {}, profile: , target: , version: 1.8.7
[0m10:51:21.853081 [info ] [MainThread]: Unable to do partial parsing because saved manifest not found. Starting full parse.
[0m10:51:21.853081 [debug] [MainThread]: Sending event: {'category': 'dbt', 'action': 'partial_parser', 'label': '2a1dc4b4-d4e8-4a9f-9173-e3474179c522', 'context': [<snowplow_tracker.self_describing_json.SelfDescribingJson object at 0x0000026521026090>]}
[0m10:51:23.114069 [warn ] [MainThread]: [[33mWARNING[0m]: Deprecated functionality
The `tests` config has been renamed to `data_tests`. Please see
https://docs.getdbt.com/docs/build/data-tests#new-data_tests-syntax for more
information.
[0m10:51:23.114069 [debug] [MainThread]: Sending event: {'category': 'dbt', 'action': 'deprecation', 'label': '2a1dc4b4-d4e8-4a9f-9173-e3474179c522', 'property_': 'warn', 'context': [<snowplow_tracker.self_describing_json.SelfDescribingJson object at 0x0000026524406A80>]}
[0m10:51:23.481015 [warn ] [MainThread]: [[33mWARNING[0m]: Configuration paths exist in your dbt_project.yml file which do not apply to any resources.
There are 1 unused configuration paths:
- models.sales_team_lakehouse.marts
[0m10:51:23.491909 [debug] [MainThread]: Sending event: {'category': 'dbt', 'action': 'load_project', 'label': '2a1dc4b4-d4e8-4a9f-9173-e3474179c522', 'context': [<snowplow_tracker.self_describing_json.SelfDescribingJson object at 0x000002652467C7A0>]}
[0m10:51:23.497497 [info ] [MainThread]: Performance info: dbt-dagster-project\sales-team\dbt_project\target\perf_info.json
[0m10:51:23.599130 [debug] [MainThread]: Command `dbt parse` succeeded at 10:51:23.599130 after 3.19 seconds
[0m10:51:23.599130 [debug] [MainThread]: Sending event: {'category': 'dbt', 'action': 'invocation', 'label': 'end', 'context': [<snowplow_tracker.self_describing_json.SelfDescribingJson object at 0x0000026520D5A480>, <snowplow_tracker.self_describing_json.SelfDescribingJson object at 0x0000026521435040>, <snowplow_tracker.self_describing_json.SelfDescribingJson object at 0x0000026521436C90>]}
[0m10:51:23.599130 [debug] [MainThread]: Flushing usage events
