[0m10:39:27.322371 [debug] [MainThread]: Sending event: {'category': 'dbt', 'action': 'invocation', 'label': 'start', 'context': [<snowplow_tracker.self_describing_json.SelfDescribingJson object at 0x0000021AF11B3B00>, <snowplow_tracker.self_describing_json.SelfDescribingJson object at 0x0000021AF3393B60>, <snowplow_tracker.self_describing_json.SelfDescribingJson object at 0x0000021AF33939B0>]}


============================== 10:39:27.322371 | f242f589-ff6e-43e3-bc7d-544e28be81f0 ==============================
[0m10:39:27.322371 [info ] [MainThread]: Running with dbt=1.8.7
[0m10:39:27.322371 [debug] [MainThread]: running dbt with arguments {'printer_width': '80', 'indirect_selection': 'eager', 'write_json': 'True', 'log_cache_events': 'False', 'partial_parse': 'True', 'cache_selected_only': 'False', 'profiles_dir': 'dbt-dagster-project/de-team/dbt_project', 'debug': 'False', 'fail_fast': 'False', 'log_path': 'dbt-dagster-project\\de-team\\dbt_project\\logs', 'warn_error': 'None', 'version_check': 'True', 'use_colors': 'True', 'use_experimental_parser': 'False', 'empty': 'None', 'quiet': 'False', 'no_print': 'None', 'warn_error_options': 'WarnErrorOptions(include=[], exclude=[])', 'introspect': 'True', 'log_format': 'default', 'static_parser': 'True', 'target_path': 'None', 'invocation_command': 'dbt parse --project-dir dbt-dagster-project/de-team/dbt_project --profiles-dir dbt-dagster-project/de-team/dbt_project', 'send_anonymous_usage_stats': 'True'}
[0m10:39:27.595640 [debug] [MainThread]: Spark adapter: Setting pyhive.hive logging to ERROR
[0m10:39:27.595640 [debug] [MainThread]: Spark adapter: Setting thrift.transport logging to ERROR
[0m10:39:27.595640 [debug] [MainThread]: Spark adapter: Setting thrift.protocol logging to ERROR
[0m10:39:27.638732 [error] [MainThread]: Encountered an error:
Runtime Error
  Credentials in profile "de_team_lakehouse", target "prod" invalid: Runtime Error
    Must specify `host` in profile
[0m10:39:27.638732 [debug] [MainThread]: Command `dbt parse` failed at 10:39:27.638732 after 0.43 seconds
[0m10:39:27.638732 [debug] [MainThread]: Sending event: {'category': 'dbt', 'action': 'invocation', 'label': 'end', 'context': [<snowplow_tracker.self_describing_json.SelfDescribingJson object at 0x0000021AF3C4D0A0>, <snowplow_tracker.self_describing_json.SelfDescribingJson object at 0x0000021AF437A000>, <snowplow_tracker.self_describing_json.SelfDescribingJson object at 0x0000021AF401FAD0>]}
[0m10:39:27.638732 [debug] [MainThread]: Flushing usage events
[0m10:39:54.739159 [debug] [MainThread]: Sending event: {'category': 'dbt', 'action': 'invocation', 'label': 'start', 'context': [<snowplow_tracker.self_describing_json.SelfDescribingJson object at 0x000002C61979DE20>, <snowplow_tracker.self_describing_json.SelfDescribingJson object at 0x000002C61CED64B0>, <snowplow_tracker.self_describing_json.SelfDescribingJson object at 0x000002C61D014AA0>]}


============================== 10:39:54.751363 | 86f39d15-9706-404b-8ed8-333f94e807a4 ==============================
[0m10:39:54.751363 [info ] [MainThread]: Running with dbt=1.8.7
[0m10:39:54.751363 [debug] [MainThread]: running dbt with arguments {'printer_width': '80', 'indirect_selection': 'eager', 'log_cache_events': 'False', 'write_json': 'True', 'partial_parse': 'True', 'cache_selected_only': 'False', 'warn_error': 'None', 'debug': 'False', 'fail_fast': 'False', 'log_path': 'dbt-dagster-project\\de-team\\dbt_project\\logs', 'profiles_dir': 'dbt-dagster-project/de-team/dbt_project', 'version_check': 'True', 'use_colors': 'True', 'use_experimental_parser': 'False', 'empty': 'None', 'quiet': 'False', 'no_print': 'None', 'warn_error_options': 'WarnErrorOptions(include=[], exclude=[])', 'introspect': 'True', 'invocation_command': 'dbt parse --project-dir dbt-dagster-project/de-team/dbt_project --profiles-dir dbt-dagster-project/de-team/dbt_project', 'static_parser': 'True', 'target_path': 'None', 'log_format': 'default', 'send_anonymous_usage_stats': 'True'}
[0m10:39:54.972436 [debug] [MainThread]: Spark adapter: Setting pyhive.hive logging to ERROR
[0m10:39:54.972436 [debug] [MainThread]: Spark adapter: Setting thrift.transport logging to ERROR
[0m10:39:54.972436 [debug] [MainThread]: Spark adapter: Setting thrift.protocol logging to ERROR
[0m10:39:55.021834 [error] [MainThread]: Encountered an error:
Runtime Error
  Credentials in profile "de_team_lakehouse", target "prod" invalid: Runtime Error
    Must specify `host` in profile
[0m10:39:55.022443 [debug] [MainThread]: Command `dbt parse` failed at 10:39:55.022443 after 0.40 seconds
[0m10:39:55.022443 [debug] [MainThread]: Sending event: {'category': 'dbt', 'action': 'invocation', 'label': 'end', 'context': [<snowplow_tracker.self_describing_json.SelfDescribingJson object at 0x000002C61DCD5C70>, <snowplow_tracker.self_describing_json.SelfDescribingJson object at 0x000002C61D3126F0>, <snowplow_tracker.self_describing_json.SelfDescribingJson object at 0x000002C61D4A9310>]}
[0m10:39:55.022443 [debug] [MainThread]: Flushing usage events
[0m10:40:14.206169 [debug] [MainThread]: Sending event: {'category': 'dbt', 'action': 'invocation', 'label': 'start', 'context': [<snowplow_tracker.self_describing_json.SelfDescribingJson object at 0x000002AB3F1676B0>, <snowplow_tracker.self_describing_json.SelfDescribingJson object at 0x000002AB3F13DD00>, <snowplow_tracker.self_describing_json.SelfDescribingJson object at 0x000002AB3C156270>]}


============================== 10:40:14.206169 | 0f635cc3-4d72-4478-8683-8c96f4fee1a9 ==============================
[0m10:40:14.206169 [info ] [MainThread]: Running with dbt=1.8.7
[0m10:40:14.206169 [debug] [MainThread]: running dbt with arguments {'printer_width': '80', 'indirect_selection': 'eager', 'write_json': 'True', 'log_cache_events': 'False', 'partial_parse': 'True', 'cache_selected_only': 'False', 'profiles_dir': 'dbt-dagster-project/de-team/dbt_project', 'fail_fast': 'False', 'debug': 'False', 'log_path': 'dbt-dagster-project\\de-team\\dbt_project\\logs', 'warn_error': 'None', 'version_check': 'True', 'use_colors': 'True', 'use_experimental_parser': 'False', 'no_print': 'None', 'quiet': 'False', 'empty': 'None', 'warn_error_options': 'WarnErrorOptions(include=[], exclude=[])', 'invocation_command': 'dbt parse --project-dir dbt-dagster-project/de-team/dbt_project --profiles-dir dbt-dagster-project/de-team/dbt_project', 'log_format': 'default', 'introspect': 'True', 'target_path': 'None', 'static_parser': 'True', 'send_anonymous_usage_stats': 'True'}
[0m10:40:14.422382 [debug] [MainThread]: Spark adapter: Setting pyhive.hive logging to ERROR
[0m10:40:14.422382 [debug] [MainThread]: Spark adapter: Setting thrift.transport logging to ERROR
[0m10:40:14.422382 [debug] [MainThread]: Spark adapter: Setting thrift.protocol logging to ERROR
[0m10:40:14.472461 [error] [MainThread]: Encountered an error:
Runtime Error
  Credentials in profile "de_team_lakehouse", target "prod" invalid: Runtime Error
    session connection method requires additional dependencies. 
    Install the additional required dependencies with `pip install dbt-spark[session]`
    
    ImportError(No module named 'pyspark')
[0m10:40:14.472461 [debug] [MainThread]: Command `dbt parse` failed at 10:40:14.472461 after 0.39 seconds
[0m10:40:14.472461 [debug] [MainThread]: Sending event: {'category': 'dbt', 'action': 'invocation', 'label': 'end', 'context': [<snowplow_tracker.self_describing_json.SelfDescribingJson object at 0x000002AB3F1676B0>, <snowplow_tracker.self_describing_json.SelfDescribingJson object at 0x000002AB3F23CC80>, <snowplow_tracker.self_describing_json.SelfDescribingJson object at 0x000002AB3FA8D100>]}
[0m10:40:14.472461 [debug] [MainThread]: Flushing usage events
[0m10:40:22.639333 [debug] [MainThread]: Sending event: {'category': 'dbt', 'action': 'invocation', 'label': 'start', 'context': [<snowplow_tracker.self_describing_json.SelfDescribingJson object at 0x0000024B04AC3770>, <snowplow_tracker.self_describing_json.SelfDescribingJson object at 0x0000024B04AC0D40>, <snowplow_tracker.self_describing_json.SelfDescribingJson object at 0x0000024B0460FD70>]}


============================== 10:40:22.639333 | 9bab7e02-b582-4d9a-91f6-6a87c938ca8c ==============================
[0m10:40:22.639333 [info ] [MainThread]: Running with dbt=1.8.7
[0m10:40:22.639333 [debug] [MainThread]: running dbt with arguments {'printer_width': '80', 'indirect_selection': 'eager', 'log_cache_events': 'False', 'write_json': 'True', 'partial_parse': 'True', 'cache_selected_only': 'False', 'warn_error': 'None', 'fail_fast': 'False', 'profiles_dir': 'dbt-dagster-project/de-team/dbt_project', 'log_path': 'dbt-dagster-project\\de-team\\dbt_project\\logs', 'version_check': 'True', 'debug': 'False', 'use_colors': 'True', 'use_experimental_parser': 'False', 'no_print': 'None', 'quiet': 'False', 'empty': 'None', 'warn_error_options': 'WarnErrorOptions(include=[], exclude=[])', 'static_parser': 'True', 'log_format': 'default', 'invocation_command': 'dbt parse --project-dir dbt-dagster-project/de-team/dbt_project --profiles-dir dbt-dagster-project/de-team/dbt_project', 'target_path': 'None', 'introspect': 'True', 'send_anonymous_usage_stats': 'True'}
[0m10:40:22.905899 [debug] [MainThread]: Spark adapter: Setting pyhive.hive logging to ERROR
[0m10:40:22.905899 [debug] [MainThread]: Spark adapter: Setting thrift.transport logging to ERROR
[0m10:40:22.905899 [debug] [MainThread]: Spark adapter: Setting thrift.protocol logging to ERROR
[0m10:40:22.939261 [error] [MainThread]: Encountered an error:
Runtime Error
  Credentials in profile "de_team_lakehouse", target "prod" invalid: Runtime Error
    session connection method requires additional dependencies. 
    Install the additional required dependencies with `pip install dbt-spark[session]`
    
    ImportError(No module named 'pyspark')
[0m10:40:22.954427 [debug] [MainThread]: Command `dbt parse` failed at 10:40:22.939261 after 0.42 seconds
[0m10:40:22.954427 [debug] [MainThread]: Sending event: {'category': 'dbt', 'action': 'invocation', 'label': 'end', 'context': [<snowplow_tracker.self_describing_json.SelfDescribingJson object at 0x0000024B0460FD70>, <snowplow_tracker.self_describing_json.SelfDescribingJson object at 0x0000024B04C94620>, <snowplow_tracker.self_describing_json.SelfDescribingJson object at 0x0000024B0497BA70>]}
[0m10:40:22.955465 [debug] [MainThread]: Flushing usage events
[0m10:40:44.522880 [debug] [MainThread]: Sending event: {'category': 'dbt', 'action': 'invocation', 'label': 'start', 'context': [<snowplow_tracker.self_describing_json.SelfDescribingJson object at 0x000001DBA4AC79B0>, <snowplow_tracker.self_describing_json.SelfDescribingJson object at 0x000001DBA432CC20>, <snowplow_tracker.self_describing_json.SelfDescribingJson object at 0x000001DBA432DD00>]}


============================== 10:40:44.539966 | 953dae75-2d4f-4f0a-94dd-c011da40d7dd ==============================
[0m10:40:44.539966 [info ] [MainThread]: Running with dbt=1.8.7
[0m10:40:44.539966 [debug] [MainThread]: running dbt with arguments {'printer_width': '80', 'indirect_selection': 'eager', 'log_cache_events': 'False', 'write_json': 'True', 'partial_parse': 'True', 'cache_selected_only': 'False', 'warn_error': 'None', 'debug': 'False', 'profiles_dir': 'dbt-dagster-project/de-team/dbt_project', 'log_path': 'dbt-dagster-project\\de-team\\dbt_project\\logs', 'fail_fast': 'False', 'version_check': 'True', 'use_colors': 'True', 'use_experimental_parser': 'False', 'empty': 'None', 'quiet': 'False', 'no_print': 'None', 'log_format': 'default', 'static_parser': 'True', 'invocation_command': 'dbt parse --project-dir dbt-dagster-project/de-team/dbt_project --profiles-dir dbt-dagster-project/de-team/dbt_project', 'warn_error_options': 'WarnErrorOptions(include=[], exclude=[])', 'target_path': 'None', 'introspect': 'True', 'send_anonymous_usage_stats': 'True'}
[0m10:40:44.788370 [debug] [MainThread]: Spark adapter: Setting pyhive.hive logging to ERROR
[0m10:40:44.788370 [debug] [MainThread]: Spark adapter: Setting thrift.transport logging to ERROR
[0m10:40:44.788370 [debug] [MainThread]: Spark adapter: Setting thrift.protocol logging to ERROR
[0m10:40:45.094300 [debug] [MainThread]: Sending event: {'category': 'dbt', 'action': 'project_id', 'label': '953dae75-2d4f-4f0a-94dd-c011da40d7dd', 'context': [<snowplow_tracker.self_describing_json.SelfDescribingJson object at 0x000001DBA3ED81A0>]}
[0m10:40:45.174333 [debug] [MainThread]: Sending event: {'category': 'dbt', 'action': 'adapter_info', 'label': '953dae75-2d4f-4f0a-94dd-c011da40d7dd', 'context': [<snowplow_tracker.self_describing_json.SelfDescribingJson object at 0x000001DBA548C7D0>]}
[0m10:40:45.175359 [info ] [MainThread]: Registered adapter: spark=1.8.0
[0m10:40:45.461138 [debug] [MainThread]: checksum: 4af21dafb485259c48497ac86b711ddb1982f3d0f1c0ca4e09356de488b753c0, vars: {}, profile: , target: , version: 1.8.7
[0m10:40:45.461138 [info ] [MainThread]: Unable to do partial parsing because saved manifest not found. Starting full parse.
[0m10:40:45.461138 [debug] [MainThread]: Sending event: {'category': 'dbt', 'action': 'partial_parser', 'label': '953dae75-2d4f-4f0a-94dd-c011da40d7dd', 'context': [<snowplow_tracker.self_describing_json.SelfDescribingJson object at 0x000001DBA4608200>]}
[0m10:40:46.689684 [warn ] [MainThread]: [[33mWARNING[0m]: Deprecated functionality
The `tests` config has been renamed to `data_tests`. Please see
https://docs.getdbt.com/docs/build/data-tests#new-data_tests-syntax for more
information.
[0m10:40:46.689684 [debug] [MainThread]: Sending event: {'category': 'dbt', 'action': 'deprecation', 'label': '953dae75-2d4f-4f0a-94dd-c011da40d7dd', 'property_': 'warn', 'context': [<snowplow_tracker.self_describing_json.SelfDescribingJson object at 0x000001DBA548E7B0>]}
[0m10:40:47.022985 [error] [MainThread]: Encountered an error:
Runtime Error
  Cannot set database in spark!
[0m10:40:47.022985 [debug] [MainThread]: Command `dbt parse` failed at 10:40:47.022985 after 2.62 seconds
[0m10:40:47.022985 [debug] [MainThread]: Sending event: {'category': 'dbt', 'action': 'invocation', 'label': 'end', 'context': [<snowplow_tracker.self_describing_json.SelfDescribingJson object at 0x000001DBA46AB1A0>, <snowplow_tracker.self_describing_json.SelfDescribingJson object at 0x000001DBA282E930>, <snowplow_tracker.self_describing_json.SelfDescribingJson object at 0x000001DBA690E570>]}
[0m10:40:47.036717 [debug] [MainThread]: Flushing usage events
[0m10:41:12.608900 [debug] [MainThread]: Sending event: {'category': 'dbt', 'action': 'invocation', 'label': 'start', 'context': [<snowplow_tracker.self_describing_json.SelfDescribingJson object at 0x0000022C246B46E0>, <snowplow_tracker.self_describing_json.SelfDescribingJson object at 0x0000022C246B7860>, <snowplow_tracker.self_describing_json.SelfDescribingJson object at 0x0000022C246B5F40>]}


============================== 10:41:12.608900 | bb84dec7-12ee-441b-87cf-b52184beebfd ==============================
[0m10:41:12.608900 [info ] [MainThread]: Running with dbt=1.8.7
[0m10:41:12.608900 [debug] [MainThread]: running dbt with arguments {'printer_width': '80', 'indirect_selection': 'eager', 'log_cache_events': 'False', 'write_json': 'True', 'partial_parse': 'True', 'cache_selected_only': 'False', 'profiles_dir': 'dbt-dagster-project/de-team/dbt_project', 'fail_fast': 'False', 'warn_error': 'None', 'log_path': 'dbt-dagster-project\\de-team\\dbt_project\\logs', 'version_check': 'True', 'debug': 'False', 'use_colors': 'True', 'use_experimental_parser': 'False', 'no_print': 'None', 'quiet': 'False', 'empty': 'None', 'log_format': 'default', 'introspect': 'True', 'static_parser': 'True', 'invocation_command': 'dbt parse --project-dir dbt-dagster-project/de-team/dbt_project --profiles-dir dbt-dagster-project/de-team/dbt_project', 'target_path': 'None', 'warn_error_options': 'WarnErrorOptions(include=[], exclude=[])', 'send_anonymous_usage_stats': 'True'}
[0m10:41:12.851488 [debug] [MainThread]: Spark adapter: Setting pyhive.hive logging to ERROR
[0m10:41:12.851488 [debug] [MainThread]: Spark adapter: Setting thrift.transport logging to ERROR
[0m10:41:12.853684 [debug] [MainThread]: Spark adapter: Setting thrift.protocol logging to ERROR
[0m10:41:13.091329 [debug] [MainThread]: Sending event: {'category': 'dbt', 'action': 'project_id', 'label': 'bb84dec7-12ee-441b-87cf-b52184beebfd', 'context': [<snowplow_tracker.self_describing_json.SelfDescribingJson object at 0x0000022C2394DF70>]}
[0m10:41:13.173670 [debug] [MainThread]: Sending event: {'category': 'dbt', 'action': 'adapter_info', 'label': 'bb84dec7-12ee-441b-87cf-b52184beebfd', 'context': [<snowplow_tracker.self_describing_json.SelfDescribingJson object at 0x0000022C241B7BF0>]}
[0m10:41:13.173670 [info ] [MainThread]: Registered adapter: spark=1.8.0
[0m10:41:13.407559 [debug] [MainThread]: checksum: 4af21dafb485259c48497ac86b711ddb1982f3d0f1c0ca4e09356de488b753c0, vars: {}, profile: , target: , version: 1.8.7
[0m10:41:13.407559 [info ] [MainThread]: Unable to do partial parsing because saved manifest not found. Starting full parse.
[0m10:41:13.407559 [debug] [MainThread]: Sending event: {'category': 'dbt', 'action': 'partial_parser', 'label': 'bb84dec7-12ee-441b-87cf-b52184beebfd', 'context': [<snowplow_tracker.self_describing_json.SelfDescribingJson object at 0x0000022C24F7F380>]}
[0m10:41:14.622682 [warn ] [MainThread]: [[33mWARNING[0m]: Deprecated functionality
The `tests` config has been renamed to `data_tests`. Please see
https://docs.getdbt.com/docs/build/data-tests#new-data_tests-syntax for more
information.
[0m10:41:14.623995 [debug] [MainThread]: Sending event: {'category': 'dbt', 'action': 'deprecation', 'label': 'bb84dec7-12ee-441b-87cf-b52184beebfd', 'property_': 'warn', 'context': [<snowplow_tracker.self_describing_json.SelfDescribingJson object at 0x0000022C263C86B0>]}
[0m10:41:15.065611 [warn ] [MainThread]: [[33mWARNING[0m]: Configuration paths exist in your dbt_project.yml file which do not apply to any resources.
There are 1 unused configuration paths:
- models.de_team_lakehouse.intermediate
[0m10:41:15.073707 [debug] [MainThread]: Sending event: {'category': 'dbt', 'action': 'load_project', 'label': 'bb84dec7-12ee-441b-87cf-b52184beebfd', 'context': [<snowplow_tracker.self_describing_json.SelfDescribingJson object at 0x0000022C262109E0>]}
[0m10:41:15.073707 [info ] [MainThread]: Performance info: dbt-dagster-project\de-team\dbt_project\target\perf_info.json
[0m10:41:15.206819 [debug] [MainThread]: Command `dbt parse` succeeded at 10:41:15.206819 after 2.72 seconds
[0m10:41:15.206819 [debug] [MainThread]: Sending event: {'category': 'dbt', 'action': 'invocation', 'label': 'end', 'context': [<snowplow_tracker.self_describing_json.SelfDescribingJson object at 0x0000022C24568620>, <snowplow_tracker.self_describing_json.SelfDescribingJson object at 0x0000022C243E7440>, <snowplow_tracker.self_describing_json.SelfDescribingJson object at 0x0000022C24510E00>]}
[0m10:41:15.206819 [debug] [MainThread]: Flushing usage events
